time="2020-11-11T13:18:07Z" level=info msg="Single namespace not specified, running check reaper across all namespaces"
time="2020-11-11T13:18:07Z" level=info msg="Listing checker pods"
time="2020-11-11T13:18:07Z" level=info msg="Found: 56 checker pods"
time="2020-11-11T13:18:07Z" level=info msg="Found more than 5 checker pods with the same name in status `Succeeded` that were created more recently. Deleting pod: jx-bot-token-1605100154"
time="2020-11-11T13:18:07Z" level=info msg="Deleting Pod:  jx-bot-token-1605100154  in namespace:  jx"
time="2020-11-11T13:18:07Z" level=info msg="Found more than 5 checker pods with the same name in status `Succeeded` that were created more recently. Deleting pod: jx-webhook-1605100061"
time="2020-11-11T13:18:07Z" level=info msg="Deleting Pod:  jx-webhook-1605100061  in namespace:  jx"
time="2020-11-11T13:18:07Z" level=info msg="Found more than 5 checker pods with the same name in status `Succeeded` that were created more recently. Deleting pod: dns-status-internal-1605100031"
time="2020-11-11T13:18:07Z" level=info msg="Deleting Pod:  dns-status-internal-1605100031  in namespace:  kuberhealthy"
time="2020-11-11T13:18:07Z" level=info msg="Found more than 5 checker pods with the same name in status `Succeeded` that were created more recently. Deleting pod: jx-secrets-1605100211"
time="2020-11-11T13:18:07Z" level=info msg="Deleting Pod:  jx-secrets-1605100211  in namespace:  kuberhealthy"
time="2020-11-11T13:18:07Z" level=info msg="Found more than 5 checker pods with the same name in status `Succeeded` that were created more recently. Deleting pod: jx-secrets-1605100271"
time="2020-11-11T13:18:07Z" level=info msg="Deleting Pod:  jx-secrets-1605100271  in namespace:  kuberhealthy"
time="2020-11-11T13:18:07Z" level=info msg="Found more than 5 checker pods with the same name in status `Succeeded` that were created more recently. Deleting pod: jx-bot-token-1605100061"
time="2020-11-11T13:18:07Z" level=info msg="Deleting Pod:  jx-bot-token-1605100061  in namespace:  jx"
time="2020-11-11T13:18:07Z" level=info msg="Found more than 5 checker pods with the same name in status `Succeeded` that were created more recently. Deleting pod: jx-install-1605100153"
time="2020-11-11T13:18:07Z" level=info msg="Deleting Pod:  jx-install-1605100153  in namespace:  jx-git-operator"
time="2020-11-11T13:18:07Z" level=info msg="Found more than 5 checker pods with the same name in status `Succeeded` that were created more recently. Deleting pod: jx-webhook-1605100154"
time="2020-11-11T13:18:07Z" level=info msg="Deleting Pod:  jx-webhook-1605100154  in namespace:  jx"
time="2020-11-11T13:18:07Z" level=info msg="Found more than 5 checker pods with the same name in status `Succeeded` that were created more recently. Deleting pod: dns-status-internal-1605099911"
time="2020-11-11T13:18:07Z" level=info msg="Deleting Pod:  dns-status-internal-1605099911  in namespace:  kuberhealthy"
time="2020-11-11T13:18:07Z" level=info msg="Found more than 5 checker pods with the same name in status `Succeeded` that were created more recently. Deleting pod: jx-secrets-1605100331"
time="2020-11-11T13:18:07Z" level=info msg="Deleting Pod:  jx-secrets-1605100331  in namespace:  kuberhealthy"
time="2020-11-11T13:18:07Z" level=info msg="Found more than 5 checker pods with the same name in status `Succeeded` that were created more recently. Deleting pod: jx-install-1605100061"
time="2020-11-11T13:18:07Z" level=info msg="Deleting Pod:  jx-install-1605100061  in namespace:  jx-git-operator"
time="2020-11-11T13:18:07Z" level=info msg="Finished reaping checker pods."
time="2020-11-11T13:18:07Z" level=info msg="Beginning to search for khjobs."
time="2020-11-11T13:18:07Z" level=error msg="Error: failed to retrieve khjob list with error khjobs.comcast.github.io is forbidden: User \"system:serviceaccount:kuberhealthy:check-reaper\" cannot list resource \"khjobs\" in API group \"comcast.github.io\" at the cluster scope"
time="2020-11-11T13:18:07Z" level=error msg="Failed to reap khjobs with error:  khjobs.comcast.github.io is forbidden: User \"system:serviceaccount:kuberhealthy:check-reaper\" cannot list resource \"khjobs\" in API group \"comcast.github.io\" at the cluster scope"
time="2020-11-11T13:18:07Z" level=info msg="Finished reaping khjobs."
