time="2020-11-11T13:15:05Z" level=info msg="Single namespace not specified, running check reaper across all namespaces"
time="2020-11-11T13:15:05Z" level=info msg="Listing checker pods"
time="2020-11-11T13:15:05Z" level=info msg="Found: 56 checker pods"
time="2020-11-11T13:15:05Z" level=info msg="Found more than 5 checker pods with the same name in status `Succeeded` that were created more recently. Deleting pod: jx-bot-token-1605099971"
time="2020-11-11T13:15:05Z" level=info msg="Deleting Pod:  jx-bot-token-1605099971  in namespace:  jx"
time="2020-11-11T13:15:05Z" level=info msg="Found more than 5 checker pods with the same name in status `Succeeded` that were created more recently. Deleting pod: jx-install-1605099881"
time="2020-11-11T13:15:05Z" level=info msg="Deleting Pod:  jx-install-1605099881  in namespace:  jx-git-operator"
time="2020-11-11T13:15:05Z" level=info msg="Found more than 5 checker pods with the same name in status `Succeeded` that were created more recently. Deleting pod: dns-status-internal-1605099791"
time="2020-11-11T13:15:05Z" level=info msg="Deleting Pod:  dns-status-internal-1605099791  in namespace:  kuberhealthy"
time="2020-11-11T13:15:05Z" level=info msg="Found more than 5 checker pods with the same name in status `Succeeded` that were created more recently. Deleting pod: jx-pod-status-1605098951"
time="2020-11-11T13:15:05Z" level=info msg="Deleting Pod:  jx-pod-status-1605098951  in namespace:  kuberhealthy"
time="2020-11-11T13:15:05Z" level=info msg="Found more than 5 checker pods with the same name in status `Succeeded` that were created more recently. Deleting pod: jx-bot-token-1605099881"
time="2020-11-11T13:15:05Z" level=info msg="Deleting Pod:  jx-bot-token-1605099881  in namespace:  jx"
time="2020-11-11T13:15:06Z" level=info msg="Found more than 5 checker pods with the same name in status `Succeeded` that were created more recently. Deleting pod: jx-secrets-1605100091"
time="2020-11-11T13:15:06Z" level=info msg="Deleting Pod:  jx-secrets-1605100091  in namespace:  kuberhealthy"
time="2020-11-11T13:15:06Z" level=info msg="Found more than 5 checker pods with the same name in status `Succeeded` that were created more recently. Deleting pod: jx-webhook-1605099881"
time="2020-11-11T13:15:06Z" level=info msg="Deleting Pod:  jx-webhook-1605099881  in namespace:  jx"
time="2020-11-11T13:15:06Z" level=info msg="Found more than 5 checker pods with the same name in status `Succeeded` that were created more recently. Deleting pod: jx-secrets-1605100031"
time="2020-11-11T13:15:06Z" level=info msg="Deleting Pod:  jx-secrets-1605100031  in namespace:  kuberhealthy"
time="2020-11-11T13:15:06Z" level=info msg="Found more than 5 checker pods with the same name in status `Succeeded` that were created more recently. Deleting pod: jx-install-1605099971"
time="2020-11-11T13:15:06Z" level=info msg="Deleting Pod:  jx-install-1605099971  in namespace:  jx-git-operator"
time="2020-11-11T13:15:06Z" level=info msg="Found more than 5 checker pods with the same name in status `Succeeded` that were created more recently. Deleting pod: jx-webhook-1605099971"
time="2020-11-11T13:15:06Z" level=info msg="Deleting Pod:  jx-webhook-1605099971  in namespace:  jx"
time="2020-11-11T13:15:06Z" level=info msg="Found more than 5 checker pods with the same name in status `Succeeded` that were created more recently. Deleting pod: jx-secrets-1605100152"
time="2020-11-11T13:15:06Z" level=info msg="Deleting Pod:  jx-secrets-1605100152  in namespace:  kuberhealthy"
time="2020-11-11T13:15:06Z" level=info msg="Finished reaping checker pods."
time="2020-11-11T13:15:06Z" level=info msg="Beginning to search for khjobs."
time="2020-11-11T13:15:06Z" level=error msg="Error: failed to retrieve khjob list with error khjobs.comcast.github.io is forbidden: User \"system:serviceaccount:kuberhealthy:check-reaper\" cannot list resource \"khjobs\" in API group \"comcast.github.io\" at the cluster scope"
time="2020-11-11T13:15:06Z" level=error msg="Failed to reap khjobs with error:  khjobs.comcast.github.io is forbidden: User \"system:serviceaccount:kuberhealthy:check-reaper\" cannot list resource \"khjobs\" in API group \"comcast.github.io\" at the cluster scope"
time="2020-11-11T13:15:06Z" level=info msg="Finished reaping khjobs."
