time="2020-11-11T13:21:09Z" level=info msg="Single namespace not specified, running check reaper across all namespaces"
time="2020-11-11T13:21:09Z" level=info msg="Listing checker pods"
time="2020-11-11T13:21:09Z" level=info msg="Found: 57 checker pods"
time="2020-11-11T13:21:09Z" level=info msg="Found more than 5 checker pods with the same name in status `Succeeded` that were created more recently. Deleting pod: jx-install-1605100331"
time="2020-11-11T13:21:09Z" level=info msg="Deleting Pod:  jx-install-1605100331  in namespace:  jx-git-operator"
time="2020-11-11T13:21:09Z" level=info msg="Found more than 5 checker pods with the same name in status `Succeeded` that were created more recently. Deleting pod: jx-secrets-1605100451"
time="2020-11-11T13:21:09Z" level=info msg="Deleting Pod:  jx-secrets-1605100451  in namespace:  kuberhealthy"
time="2020-11-11T13:21:09Z" level=info msg="Found more than 5 checker pods with the same name in status `Succeeded` that were created more recently. Deleting pod: deployment-1605097751"
time="2020-11-11T13:21:09Z" level=info msg="Deleting Pod:  deployment-1605097751  in namespace:  kuberhealthy"
time="2020-11-11T13:21:09Z" level=info msg="Found more than 5 checker pods with the same name in status `Succeeded` that were created more recently. Deleting pod: jx-secrets-1605100391"
time="2020-11-11T13:21:09Z" level=info msg="Deleting Pod:  jx-secrets-1605100391  in namespace:  kuberhealthy"
time="2020-11-11T13:21:09Z" level=info msg="Found more than 5 checker pods with the same name in status `Succeeded` that were created more recently. Deleting pod: dns-status-internal-1605100152"
time="2020-11-11T13:21:09Z" level=info msg="Deleting Pod:  dns-status-internal-1605100152  in namespace:  kuberhealthy"
time="2020-11-11T13:21:09Z" level=info msg="Found more than 5 checker pods with the same name in status `Succeeded` that were created more recently. Deleting pod: jx-pod-status-1605099251"
time="2020-11-11T13:21:09Z" level=info msg="Deleting Pod:  jx-pod-status-1605099251  in namespace:  kuberhealthy"
time="2020-11-11T13:21:09Z" level=info msg="Found more than 5 checker pods with the same name in status `Succeeded` that were created more recently. Deleting pod: jx-webhook-1605100331"
time="2020-11-11T13:21:09Z" level=info msg="Deleting Pod:  jx-webhook-1605100331  in namespace:  jx"
time="2020-11-11T13:21:09Z" level=info msg="Found more than 5 checker pods with the same name in status `Succeeded` that were created more recently. Deleting pod: jx-webhook-1605100241"
time="2020-11-11T13:21:09Z" level=info msg="Deleting Pod:  jx-webhook-1605100241  in namespace:  jx"
time="2020-11-11T13:21:09Z" level=info msg="Found more than 5 checker pods with the same name in status `Succeeded` that were created more recently. Deleting pod: jx-install-1605100241"
time="2020-11-11T13:21:09Z" level=info msg="Deleting Pod:  jx-install-1605100241  in namespace:  jx-git-operator"
time="2020-11-11T13:21:09Z" level=info msg="Found more than 5 checker pods with the same name in status `Succeeded` that were created more recently. Deleting pod: jx-bot-token-1605100241"
time="2020-11-11T13:21:09Z" level=info msg="Deleting Pod:  jx-bot-token-1605100241  in namespace:  jx"
time="2020-11-11T13:21:09Z" level=info msg="Found more than 5 checker pods with the same name in status `Succeeded` that were created more recently. Deleting pod: jx-bot-token-1605100331"
time="2020-11-11T13:21:09Z" level=info msg="Deleting Pod:  jx-bot-token-1605100331  in namespace:  jx"
time="2020-11-11T13:21:10Z" level=info msg="Finished reaping checker pods."
time="2020-11-11T13:21:10Z" level=info msg="Beginning to search for khjobs."
time="2020-11-11T13:21:10Z" level=error msg="Error: failed to retrieve khjob list with error khjobs.comcast.github.io is forbidden: User \"system:serviceaccount:kuberhealthy:check-reaper\" cannot list resource \"khjobs\" in API group \"comcast.github.io\" at the cluster scope"
time="2020-11-11T13:21:10Z" level=error msg="Failed to reap khjobs with error:  khjobs.comcast.github.io is forbidden: User \"system:serviceaccount:kuberhealthy:check-reaper\" cannot list resource \"khjobs\" in API group \"comcast.github.io\" at the cluster scope"
time="2020-11-11T13:21:10Z" level=info msg="Finished reaping khjobs."
