{"component":"keeper","file":"/workspace/source/pkg/config/util/util.go:36","func":"github.com/jenkins-x/lighthouse/pkg/config/util.PathOrDefault","level":"warning","msg":"defaulting to /etc/config/config.yaml until 15 July 2019, please migrate","time":"2020-11-11T13:20:22Z"}
{"component":"keeper","fields.level":"info","file":"/workspace/source/pkg/config/config.go:229","func":"github.com/jenkins-x/lighthouse/pkg/config.parseProwConfig","level":"info","msg":"setting the log level","time":"2020-11-11T13:20:23Z"}
{"component":"keeper","file":"/workspace/source/pkg/watcher/configmap_watcher.go:55","func":"github.com/jenkins-x/lighthouse/pkg/watcher.SetupConfigMapWatchers.func1","level":"info","msg":"updating the Lighthouse core configuration","time":"2020-11-11T13:20:23Z"}
{"component":"keeper","file":"/workspace/source/pkg/plugins/config.go:782","func":"github.com/jenkins-x/lighthouse/pkg/plugins.(*Configuration).Validate","level":"warning","msg":"no plugins specified-- check syntax?","time":"2020-11-11T13:20:24Z"}
{"component":"keeper","controller":"status-update","file":"/workspace/source/pkg/keeper/status.go:470","func":"github.com/jenkins-x/lighthouse/pkg/keeper.(*statusController).search","level":"info","msg":"Query changed, resetting start time to zero","previously":"","query":"is:pr state:open sort:updated-asc repo:\"cb-kubecd/bdd-gh-1602679032\" repo:\"cb-kubecd/bdd-gh-1603274485\" repo:\"cb-kubecd/bdd-gh-1603279273\" repo:\"cb-kubecd/bdd-gh-1603280035\" repo:\"cb-kubecd/bdd-gh-1604073644\" repo:\"****/jx-demo-terraform-dev\" repo:\"****/mytap1\" repo:\"****/node-http-3ed56e893\" repo:\"****/nodey506\" repo:\"****/nodey507\" repo:\"****/nodey533\" repo:\"****/nodey534\" repo:\"****/nodey536\"","time":"2020-11-11T13:20:24Z"}
{"component":"keeper","controller":"sync","duration":"1.647151663s","file":"/workspace/source/pkg/keeper/keeper.go:305","func":"github.com/jenkins-x/lighthouse/pkg/keeper.(*DefaultController).Sync.func1","level":"info","msg":"Synced","time":"2020-11-11T13:20:24Z"}
{"component":"keeper","controller":"status-update","duration":"1.027662537s","file":"/workspace/source/pkg/keeper/status.go:450","func":"github.com/jenkins-x/lighthouse/pkg/keeper.(*statusController).sync.func1","level":"info","msg":"Statuses synced.","time":"2020-11-11T13:20:25Z"}
{"component":"keeper","file":"/workspace/source/cmd/keeper/main.go:172","func":"main.main","level":"warning","msg":"not pushing metrics as there is no push_gateway defined in the config.yaml","time":"2020-11-11T13:21:23Z"}
{"component":"keeper","file":"/workspace/source/pkg/plugins/config.go:782","func":"github.com/jenkins-x/lighthouse/pkg/plugins.(*Configuration).Validate","level":"warning","msg":"no plugins specified-- check syntax?","time":"2020-11-11T13:21:24Z"}
{"component":"keeper","controller":"sync","duration":"1.295396436s","file":"/workspace/source/pkg/keeper/keeper.go:305","func":"github.com/jenkins-x/lighthouse/pkg/keeper.(*DefaultController).Sync.func1","level":"info","msg":"Synced","time":"2020-11-11T13:21:24Z"}
{"component":"keeper","controller":"status-update","duration":"384.453509ms","file":"/workspace/source/pkg/keeper/status.go:450","func":"github.com/jenkins-x/lighthouse/pkg/keeper.(*statusController).sync.func1","level":"info","msg":"Statuses synced.","time":"2020-11-11T13:21:25Z"}
{"component":"keeper","file":"/workspace/source/pkg/plugins/config.go:782","func":"github.com/jenkins-x/lighthouse/pkg/plugins.(*Configuration).Validate","level":"warning","msg":"no plugins specified-- check syntax?","time":"2020-11-11T13:22:24Z"}
{"component":"keeper","controller":"sync","duration":"1.230246368s","file":"/workspace/source/pkg/keeper/keeper.go:305","func":"github.com/jenkins-x/lighthouse/pkg/keeper.(*DefaultController).Sync.func1","level":"info","msg":"Synced","time":"2020-11-11T13:22:24Z"}
{"component":"keeper","controller":"status-update","duration":"323.336853ms","file":"/workspace/source/pkg/keeper/status.go:450","func":"github.com/jenkins-x/lighthouse/pkg/keeper.(*statusController).sync.func1","level":"info","msg":"Statuses synced.","time":"2020-11-11T13:22:25Z"}
{"component":"keeper","file":"/workspace/source/pkg/plugins/config.go:782","func":"github.com/jenkins-x/lighthouse/pkg/plugins.(*Configuration).Validate","level":"warning","msg":"no plugins specified-- check syntax?","time":"2020-11-11T13:23:24Z"}
{"component":"keeper","controller":"sync","duration":"1.340212542s","file":"/workspace/source/pkg/keeper/keeper.go:305","func":"github.com/jenkins-x/lighthouse/pkg/keeper.(*DefaultController).Sync.func1","level":"info","msg":"Synced","time":"2020-11-11T13:23:24Z"}
{"component":"keeper","controller":"status-update","duration":"387.78588ms","file":"/workspace/source/pkg/keeper/status.go:450","func":"github.com/jenkins-x/lighthouse/pkg/keeper.(*statusController).sync.func1","level":"info","msg":"Statuses synced.","time":"2020-11-11T13:23:25Z"}
{"component":"keeper","file":"/workspace/source/pkg/plugins/config.go:782","func":"github.com/jenkins-x/lighthouse/pkg/plugins.(*Configuration).Validate","level":"warning","msg":"no plugins specified-- check syntax?","time":"2020-11-11T13:24:24Z"}
{"component":"keeper","controller":"sync","duration":"1.278928475s","file":"/workspace/source/pkg/keeper/keeper.go:305","func":"github.com/jenkins-x/lighthouse/pkg/keeper.(*DefaultController).Sync.func1","level":"info","msg":"Synced","time":"2020-11-11T13:24:24Z"}
{"component":"keeper","controller":"status-update","duration":"326.462033ms","file":"/workspace/source/pkg/keeper/status.go:450","func":"github.com/jenkins-x/lighthouse/pkg/keeper.(*statusController).sync.func1","level":"info","msg":"Statuses synced.","time":"2020-11-11T13:24:25Z"}
{"component":"keeper","file":"/workspace/source/pkg/plugins/config.go:782","func":"github.com/jenkins-x/lighthouse/pkg/plugins.(*Configuration).Validate","level":"warning","msg":"no plugins specified-- check syntax?","time":"2020-11-11T13:25:24Z"}
{"component":"keeper","controller":"sync","duration":"1.232326124s","file":"/workspace/source/pkg/keeper/keeper.go:305","func":"github.com/jenkins-x/lighthouse/pkg/keeper.(*DefaultController).Sync.func1","level":"info","msg":"Synced","time":"2020-11-11T13:25:24Z"}
{"component":"keeper","controller":"status-update","duration":"313.634602ms","file":"/workspace/source/pkg/keeper/status.go:450","func":"github.com/jenkins-x/lighthouse/pkg/keeper.(*statusController).sync.func1","level":"info","msg":"Statuses synced.","time":"2020-11-11T13:25:25Z"}
{"component":"keeper","file":"/workspace/source/pkg/plugins/config.go:782","func":"github.com/jenkins-x/lighthouse/pkg/plugins.(*Configuration).Validate","level":"warning","msg":"no plugins specified-- check syntax?","time":"2020-11-11T13:26:24Z"}
{"component":"keeper","controller":"sync","duration":"1.23830256s","file":"/workspace/source/pkg/keeper/keeper.go:305","func":"github.com/jenkins-x/lighthouse/pkg/keeper.(*DefaultController).Sync.func1","level":"info","msg":"Synced","time":"2020-11-11T13:26:24Z"}
{"component":"keeper","controller":"status-update","duration":"331.431135ms","file":"/workspace/source/pkg/keeper/status.go:450","func":"github.com/jenkins-x/lighthouse/pkg/keeper.(*statusController).sync.func1","level":"info","msg":"Statuses synced.","time":"2020-11-11T13:26:25Z"}
{"component":"keeper","file":"/workspace/source/pkg/plugins/config.go:782","func":"github.com/jenkins-x/lighthouse/pkg/plugins.(*Configuration).Validate","level":"warning","msg":"no plugins specified-- check syntax?","time":"2020-11-11T13:27:24Z"}
{"component":"keeper","controller":"sync","duration":"1.286925269s","file":"/workspace/source/pkg/keeper/keeper.go:305","func":"github.com/jenkins-x/lighthouse/pkg/keeper.(*DefaultController).Sync.func1","level":"info","msg":"Synced","time":"2020-11-11T13:27:24Z"}
{"component":"keeper","controller":"status-update","duration":"575.266933ms","file":"/workspace/source/pkg/keeper/status.go:450","func":"github.com/jenkins-x/lighthouse/pkg/keeper.(*statusController).sync.func1","level":"info","msg":"Statuses synced.","time":"2020-11-11T13:27:25Z"}
{"component":"keeper","file":"/workspace/source/pkg/plugins/config.go:782","func":"github.com/jenkins-x/lighthouse/pkg/plugins.(*Configuration).Validate","level":"warning","msg":"no plugins specified-- check syntax?","time":"2020-11-11T13:28:24Z"}
{"component":"keeper","controller":"sync","duration":"1.420064414s","file":"/workspace/source/pkg/keeper/keeper.go:305","func":"github.com/jenkins-x/lighthouse/pkg/keeper.(*DefaultController).Sync.func1","level":"info","msg":"Synced","time":"2020-11-11T13:28:24Z"}
{"component":"keeper","controller":"status-update","duration":"366.026831ms","file":"/workspace/source/pkg/keeper/status.go:450","func":"github.com/jenkins-x/lighthouse/pkg/keeper.(*statusController).sync.func1","level":"info","msg":"Statuses synced.","time":"2020-11-11T13:28:25Z"}
{"component":"keeper","file":"/workspace/source/pkg/plugins/config.go:782","func":"github.com/jenkins-x/lighthouse/pkg/plugins.(*Configuration).Validate","level":"warning","msg":"no plugins specified-- check syntax?","time":"2020-11-11T13:29:24Z"}
{"component":"keeper","controller":"sync","duration":"1.286221024s","file":"/workspace/source/pkg/keeper/keeper.go:305","func":"github.com/jenkins-x/lighthouse/pkg/keeper.(*DefaultController).Sync.func1","level":"info","msg":"Synced","time":"2020-11-11T13:29:24Z"}
{"component":"keeper","controller":"status-update","duration":"438.67479ms","file":"/workspace/source/pkg/keeper/status.go:450","func":"github.com/jenkins-x/lighthouse/pkg/keeper.(*statusController).sync.func1","level":"info","msg":"Statuses synced.","time":"2020-11-11T13:29:25Z"}
{"component":"keeper","file":"/workspace/source/pkg/plugins/config.go:782","func":"github.com/jenkins-x/lighthouse/pkg/plugins.(*Configuration).Validate","level":"warning","msg":"no plugins specified-- check syntax?","time":"2020-11-11T13:30:24Z"}
{"component":"keeper","controller":"sync","duration":"1.331052132s","file":"/workspace/source/pkg/keeper/keeper.go:305","func":"github.com/jenkins-x/lighthouse/pkg/keeper.(*DefaultController).Sync.func1","level":"info","msg":"Synced","time":"2020-11-11T13:30:24Z"}
{"component":"keeper","controller":"status-update","duration":"382.33834ms","file":"/workspace/source/pkg/keeper/status.go:450","func":"github.com/jenkins-x/lighthouse/pkg/keeper.(*statusController).sync.func1","level":"info","msg":"Statuses synced.","time":"2020-11-11T13:30:25Z"}
{"component":"keeper","file":"/workspace/source/pkg/plugins/config.go:782","func":"github.com/jenkins-x/lighthouse/pkg/plugins.(*Configuration).Validate","level":"warning","msg":"no plugins specified-- check syntax?","time":"2020-11-11T13:31:24Z"}
{"component":"keeper","controller":"sync","duration":"1.485009672s","file":"/workspace/source/pkg/keeper/keeper.go:305","func":"github.com/jenkins-x/lighthouse/pkg/keeper.(*DefaultController).Sync.func1","level":"info","msg":"Synced","time":"2020-11-11T13:31:24Z"}
{"component":"keeper","controller":"status-update","duration":"375.053028ms","file":"/workspace/source/pkg/keeper/status.go:450","func":"github.com/jenkins-x/lighthouse/pkg/keeper.(*statusController).sync.func1","level":"info","msg":"Statuses synced.","time":"2020-11-11T13:31:25Z"}
{"component":"keeper","file":"/workspace/source/pkg/plugins/config.go:782","func":"github.com/jenkins-x/lighthouse/pkg/plugins.(*Configuration).Validate","level":"warning","msg":"no plugins specified-- check syntax?","time":"2020-11-11T13:32:24Z"}
{"component":"keeper","controller":"sync","duration":"1.329006991s","file":"/workspace/source/pkg/keeper/keeper.go:305","func":"github.com/jenkins-x/lighthouse/pkg/keeper.(*DefaultController).Sync.func1","level":"info","msg":"Synced","time":"2020-11-11T13:32:24Z"}
{"component":"keeper","controller":"status-update","duration":"359.919794ms","file":"/workspace/source/pkg/keeper/status.go:450","func":"github.com/jenkins-x/lighthouse/pkg/keeper.(*statusController).sync.func1","level":"info","msg":"Statuses synced.","time":"2020-11-11T13:32:25Z"}
{"component":"keeper","file":"/workspace/source/pkg/plugins/config.go:782","func":"github.com/jenkins-x/lighthouse/pkg/plugins.(*Configuration).Validate","level":"warning","msg":"no plugins specified-- check syntax?","time":"2020-11-11T13:33:24Z"}
{"component":"keeper","controller":"sync","duration":"1.283299355s","file":"/workspace/source/pkg/keeper/keeper.go:305","func":"github.com/jenkins-x/lighthouse/pkg/keeper.(*DefaultController).Sync.func1","level":"info","msg":"Synced","time":"2020-11-11T13:33:24Z"}
{"component":"keeper","controller":"status-update","duration":"338.360241ms","file":"/workspace/source/pkg/keeper/status.go:450","func":"github.com/jenkins-x/lighthouse/pkg/keeper.(*statusController).sync.func1","level":"info","msg":"Statuses synced.","time":"2020-11-11T13:33:25Z"}
{"component":"keeper","file":"/workspace/source/pkg/plugins/config.go:782","func":"github.com/jenkins-x/lighthouse/pkg/plugins.(*Configuration).Validate","level":"warning","msg":"no plugins specified-- check syntax?","time":"2020-11-11T13:34:24Z"}
{"component":"keeper","controller":"sync","duration":"1.333723888s","file":"/workspace/source/pkg/keeper/keeper.go:305","func":"github.com/jenkins-x/lighthouse/pkg/keeper.(*DefaultController).Sync.func1","level":"info","msg":"Synced","time":"2020-11-11T13:34:24Z"}
{"component":"keeper","controller":"status-update","duration":"326.366846ms","file":"/workspace/source/pkg/keeper/status.go:450","func":"github.com/jenkins-x/lighthouse/pkg/keeper.(*statusController).sync.func1","level":"info","msg":"Statuses synced.","time":"2020-11-11T13:34:25Z"}
{"component":"keeper","file":"/workspace/source/pkg/plugins/config.go:782","func":"github.com/jenkins-x/lighthouse/pkg/plugins.(*Configuration).Validate","level":"warning","msg":"no plugins specified-- check syntax?","time":"2020-11-11T13:35:24Z"}
{"component":"keeper","controller":"sync","duration":"1.340162444s","file":"/workspace/source/pkg/keeper/keeper.go:305","func":"github.com/jenkins-x/lighthouse/pkg/keeper.(*DefaultController).Sync.func1","level":"info","msg":"Synced","time":"2020-11-11T13:35:24Z"}
{"component":"keeper","controller":"status-update","duration":"505.949799ms","file":"/workspace/source/pkg/keeper/status.go:450","func":"github.com/jenkins-x/lighthouse/pkg/keeper.(*statusController).sync.func1","level":"info","msg":"Statuses synced.","time":"2020-11-11T13:35:25Z"}
{"component":"keeper","file":"/workspace/source/pkg/plugins/config.go:782","func":"github.com/jenkins-x/lighthouse/pkg/plugins.(*Configuration).Validate","level":"warning","msg":"no plugins specified-- check syntax?","time":"2020-11-11T13:36:24Z"}
{"component":"keeper","controller":"sync","duration":"1.178766083s","file":"/workspace/source/pkg/keeper/keeper.go:305","func":"github.com/jenkins-x/lighthouse/pkg/keeper.(*DefaultController).Sync.func1","level":"info","msg":"Synced","time":"2020-11-11T13:36:24Z"}
{"component":"keeper","controller":"status-update","duration":"310.210352ms","file":"/workspace/source/pkg/keeper/status.go:450","func":"github.com/jenkins-x/lighthouse/pkg/keeper.(*statusController).sync.func1","level":"info","msg":"Statuses synced.","time":"2020-11-11T13:36:25Z"}
{"component":"keeper","file":"/workspace/source/pkg/plugins/config.go:782","func":"github.com/jenkins-x/lighthouse/pkg/plugins.(*Configuration).Validate","level":"warning","msg":"no plugins specified-- check syntax?","time":"2020-11-11T13:37:24Z"}
{"component":"keeper","controller":"sync","duration":"1.329718457s","file":"/workspace/source/pkg/keeper/keeper.go:305","func":"github.com/jenkins-x/lighthouse/pkg/keeper.(*DefaultController).Sync.func1","level":"info","msg":"Synced","time":"2020-11-11T13:37:24Z"}
{"component":"keeper","controller":"status-update","duration":"440.436913ms","file":"/workspace/source/pkg/keeper/status.go:450","func":"github.com/jenkins-x/lighthouse/pkg/keeper.(*statusController).sync.func1","level":"info","msg":"Statuses synced.","time":"2020-11-11T13:37:25Z"}
{"component":"keeper","file":"/workspace/source/pkg/plugins/config.go:782","func":"github.com/jenkins-x/lighthouse/pkg/plugins.(*Configuration).Validate","level":"warning","msg":"no plugins specified-- check syntax?","time":"2020-11-11T13:38:24Z"}
{"component":"keeper","controller":"sync","duration":"1.327842304s","file":"/workspace/source/pkg/keeper/keeper.go:305","func":"github.com/jenkins-x/lighthouse/pkg/keeper.(*DefaultController).Sync.func1","level":"info","msg":"Synced","time":"2020-11-11T13:38:24Z"}
{"component":"keeper","controller":"status-update","duration":"379.63919ms","file":"/workspace/source/pkg/keeper/status.go:450","func":"github.com/jenkins-x/lighthouse/pkg/keeper.(*statusController).sync.func1","level":"info","msg":"Statuses synced.","time":"2020-11-11T13:38:25Z"}
{"component":"keeper","file":"/workspace/source/pkg/plugins/config.go:782","func":"github.com/jenkins-x/lighthouse/pkg/plugins.(*Configuration).Validate","level":"warning","msg":"no plugins specified-- check syntax?","time":"2020-11-11T13:39:24Z"}
{"component":"keeper","controller":"sync","duration":"1.352548499s","file":"/workspace/source/pkg/keeper/keeper.go:305","func":"github.com/jenkins-x/lighthouse/pkg/keeper.(*DefaultController).Sync.func1","level":"info","msg":"Synced","time":"2020-11-11T13:39:24Z"}
{"component":"keeper","controller":"status-update","duration":"584.120836ms","file":"/workspace/source/pkg/keeper/status.go:450","func":"github.com/jenkins-x/lighthouse/pkg/keeper.(*statusController).sync.func1","level":"info","msg":"Statuses synced.","time":"2020-11-11T13:39:25Z"}
{"component":"keeper","file":"/workspace/source/pkg/plugins/config.go:782","func":"github.com/jenkins-x/lighthouse/pkg/plugins.(*Configuration).Validate","level":"warning","msg":"no plugins specified-- check syntax?","time":"2020-11-11T13:40:24Z"}
{"component":"keeper","controller":"sync","duration":"1.312837661s","file":"/workspace/source/pkg/keeper/keeper.go:305","func":"github.com/jenkins-x/lighthouse/pkg/keeper.(*DefaultController).Sync.func1","level":"info","msg":"Synced","time":"2020-11-11T13:40:24Z"}
{"component":"keeper","controller":"status-update","duration":"391.927771ms","file":"/workspace/source/pkg/keeper/status.go:450","func":"github.com/jenkins-x/lighthouse/pkg/keeper.(*statusController).sync.func1","level":"info","msg":"Statuses synced.","time":"2020-11-11T13:40:25Z"}
{"component":"keeper","file":"/workspace/source/pkg/plugins/config.go:782","func":"github.com/jenkins-x/lighthouse/pkg/plugins.(*Configuration).Validate","level":"warning","msg":"no plugins specified-- check syntax?","time":"2020-11-11T13:41:24Z"}
{"component":"keeper","controller":"sync","duration":"1.338296432s","file":"/workspace/source/pkg/keeper/keeper.go:305","func":"github.com/jenkins-x/lighthouse/pkg/keeper.(*DefaultController).Sync.func1","level":"info","msg":"Synced","time":"2020-11-11T13:41:24Z"}
{"component":"keeper","controller":"status-update","duration":"417.838251ms","file":"/workspace/source/pkg/keeper/status.go:450","func":"github.com/jenkins-x/lighthouse/pkg/keeper.(*statusController).sync.func1","level":"info","msg":"Statuses synced.","time":"2020-11-11T13:41:25Z"}
{"component":"keeper","file":"/workspace/source/pkg/plugins/config.go:782","func":"github.com/jenkins-x/lighthouse/pkg/plugins.(*Configuration).Validate","level":"warning","msg":"no plugins specified-- check syntax?","time":"2020-11-11T13:42:24Z"}
{"component":"keeper","controller":"sync","duration":"1.310161608s","file":"/workspace/source/pkg/keeper/keeper.go:305","func":"github.com/jenkins-x/lighthouse/pkg/keeper.(*DefaultController).Sync.func1","level":"info","msg":"Synced","time":"2020-11-11T13:42:24Z"}
{"component":"keeper","controller":"status-update","duration":"347.383747ms","file":"/workspace/source/pkg/keeper/status.go:450","func":"github.com/jenkins-x/lighthouse/pkg/keeper.(*statusController).sync.func1","level":"info","msg":"Statuses synced.","time":"2020-11-11T13:42:25Z"}
{"component":"keeper","file":"/workspace/source/pkg/plugins/config.go:782","func":"github.com/jenkins-x/lighthouse/pkg/plugins.(*Configuration).Validate","level":"warning","msg":"no plugins specified-- check syntax?","time":"2020-11-11T13:43:24Z"}
{"component":"keeper","controller":"sync","duration":"1.365781735s","file":"/workspace/source/pkg/keeper/keeper.go:305","func":"github.com/jenkins-x/lighthouse/pkg/keeper.(*DefaultController).Sync.func1","level":"info","msg":"Synced","time":"2020-11-11T13:43:24Z"}
{"component":"keeper","controller":"status-update","duration":"414.322399ms","file":"/workspace/source/pkg/keeper/status.go:450","func":"github.com/jenkins-x/lighthouse/pkg/keeper.(*statusController).sync.func1","level":"info","msg":"Statuses synced.","time":"2020-11-11T13:43:25Z"}
{"component":"keeper","file":"/workspace/source/pkg/plugins/config.go:782","func":"github.com/jenkins-x/lighthouse/pkg/plugins.(*Configuration).Validate","level":"warning","msg":"no plugins specified-- check syntax?","time":"2020-11-11T13:44:24Z"}
{"component":"keeper","controller":"sync","duration":"1.223267014s","file":"/workspace/source/pkg/keeper/keeper.go:305","func":"github.com/jenkins-x/lighthouse/pkg/keeper.(*DefaultController).Sync.func1","level":"info","msg":"Synced","time":"2020-11-11T13:44:24Z"}
{"component":"keeper","controller":"status-update","duration":"365.531465ms","file":"/workspace/source/pkg/keeper/status.go:450","func":"github.com/jenkins-x/lighthouse/pkg/keeper.(*statusController).sync.func1","level":"info","msg":"Statuses synced.","time":"2020-11-11T13:44:25Z"}
{"component":"keeper","file":"/workspace/source/pkg/plugins/config.go:782","func":"github.com/jenkins-x/lighthouse/pkg/plugins.(*Configuration).Validate","level":"warning","msg":"no plugins specified-- check syntax?","time":"2020-11-11T13:45:24Z"}
{"component":"keeper","controller":"sync","duration":"1.773969707s","file":"/workspace/source/pkg/keeper/keeper.go:305","func":"github.com/jenkins-x/lighthouse/pkg/keeper.(*DefaultController).Sync.func1","level":"info","msg":"Synced","time":"2020-11-11T13:45:24Z"}
{"component":"keeper","controller":"status-update","duration":"379.478688ms","file":"/workspace/source/pkg/keeper/status.go:450","func":"github.com/jenkins-x/lighthouse/pkg/keeper.(*statusController).sync.func1","level":"info","msg":"Statuses synced.","time":"2020-11-11T13:45:25Z"}
{"component":"keeper","file":"/workspace/source/pkg/plugins/config.go:782","func":"github.com/jenkins-x/lighthouse/pkg/plugins.(*Configuration).Validate","level":"warning","msg":"no plugins specified-- check syntax?","time":"2020-11-11T13:46:24Z"}
{"component":"keeper","controller":"sync","duration":"1.300578719s","file":"/workspace/source/pkg/keeper/keeper.go:305","func":"github.com/jenkins-x/lighthouse/pkg/keeper.(*DefaultController).Sync.func1","level":"info","msg":"Synced","time":"2020-11-11T13:46:24Z"}
{"component":"keeper","controller":"status-update","duration":"345.475977ms","file":"/workspace/source/pkg/keeper/status.go:450","func":"github.com/jenkins-x/lighthouse/pkg/keeper.(*statusController).sync.func1","level":"info","msg":"Statuses synced.","time":"2020-11-11T13:46:25Z"}
{"component":"keeper","file":"/workspace/source/pkg/plugins/config.go:782","func":"github.com/jenkins-x/lighthouse/pkg/plugins.(*Configuration).Validate","level":"warning","msg":"no plugins specified-- check syntax?","time":"2020-11-11T13:47:24Z"}
{"component":"keeper","controller":"sync","duration":"1.271036227s","file":"/workspace/source/pkg/keeper/keeper.go:305","func":"github.com/jenkins-x/lighthouse/pkg/keeper.(*DefaultController).Sync.func1","level":"info","msg":"Synced","time":"2020-11-11T13:47:24Z"}
{"component":"keeper","controller":"status-update","duration":"381.868783ms","file":"/workspace/source/pkg/keeper/status.go:450","func":"github.com/jenkins-x/lighthouse/pkg/keeper.(*statusController).sync.func1","level":"info","msg":"Statuses synced.","time":"2020-11-11T13:47:25Z"}
{"component":"keeper","file":"/workspace/source/pkg/plugins/config.go:782","func":"github.com/jenkins-x/lighthouse/pkg/plugins.(*Configuration).Validate","level":"warning","msg":"no plugins specified-- check syntax?","time":"2020-11-11T13:48:24Z"}
{"component":"keeper","controller":"sync","duration":"1.257885132s","file":"/workspace/source/pkg/keeper/keeper.go:305","func":"github.com/jenkins-x/lighthouse/pkg/keeper.(*DefaultController).Sync.func1","level":"info","msg":"Synced","time":"2020-11-11T13:48:24Z"}
{"component":"keeper","controller":"status-update","duration":"393.650997ms","file":"/workspace/source/pkg/keeper/status.go:450","func":"github.com/jenkins-x/lighthouse/pkg/keeper.(*statusController).sync.func1","level":"info","msg":"Statuses synced.","time":"2020-11-11T13:48:25Z"}
{"component":"keeper","file":"/workspace/source/pkg/plugins/config.go:782","func":"github.com/jenkins-x/lighthouse/pkg/plugins.(*Configuration).Validate","level":"warning","msg":"no plugins specified-- check syntax?","time":"2020-11-11T13:49:24Z"}
{"component":"keeper","controller":"sync","duration":"1.25651507s","file":"/workspace/source/pkg/keeper/keeper.go:305","func":"github.com/jenkins-x/lighthouse/pkg/keeper.(*DefaultController).Sync.func1","level":"info","msg":"Synced","time":"2020-11-11T13:49:24Z"}
{"component":"keeper","controller":"status-update","duration":"330.602898ms","file":"/workspace/source/pkg/keeper/status.go:450","func":"github.com/jenkins-x/lighthouse/pkg/keeper.(*statusController).sync.func1","level":"info","msg":"Statuses synced.","time":"2020-11-11T13:49:25Z"}
{"component":"keeper","file":"/workspace/source/pkg/plugins/config.go:782","func":"github.com/jenkins-x/lighthouse/pkg/plugins.(*Configuration).Validate","level":"warning","msg":"no plugins specified-- check syntax?","time":"2020-11-11T13:50:24Z"}
{"component":"keeper","controller":"sync","duration":"1.312480082s","file":"/workspace/source/pkg/keeper/keeper.go:305","func":"github.com/jenkins-x/lighthouse/pkg/keeper.(*DefaultController).Sync.func1","level":"info","msg":"Synced","time":"2020-11-11T13:50:24Z"}
{"component":"keeper","controller":"status-update","duration":"365.965029ms","file":"/workspace/source/pkg/keeper/status.go:450","func":"github.com/jenkins-x/lighthouse/pkg/keeper.(*statusController).sync.func1","level":"info","msg":"Statuses synced.","time":"2020-11-11T13:50:25Z"}
{"component":"keeper","file":"/workspace/source/pkg/plugins/config.go:782","func":"github.com/jenkins-x/lighthouse/pkg/plugins.(*Configuration).Validate","level":"warning","msg":"no plugins specified-- check syntax?","time":"2020-11-11T13:51:24Z"}
{"component":"keeper","controller":"sync","duration":"1.234462156s","file":"/workspace/source/pkg/keeper/keeper.go:305","func":"github.com/jenkins-x/lighthouse/pkg/keeper.(*DefaultController).Sync.func1","level":"info","msg":"Synced","time":"2020-11-11T13:51:24Z"}
{"component":"keeper","controller":"status-update","duration":"401.974071ms","file":"/workspace/source/pkg/keeper/status.go:450","func":"github.com/jenkins-x/lighthouse/pkg/keeper.(*statusController).sync.func1","level":"info","msg":"Statuses synced.","time":"2020-11-11T13:51:25Z"}
{"component":"keeper","file":"/workspace/source/pkg/plugins/config.go:782","func":"github.com/jenkins-x/lighthouse/pkg/plugins.(*Configuration).Validate","level":"warning","msg":"no plugins specified-- check syntax?","time":"2020-11-11T13:52:24Z"}
{"component":"keeper","controller":"sync","duration":"1.43065062s","file":"/workspace/source/pkg/keeper/keeper.go:305","func":"github.com/jenkins-x/lighthouse/pkg/keeper.(*DefaultController).Sync.func1","level":"info","msg":"Synced","time":"2020-11-11T13:52:24Z"}
{"component":"keeper","controller":"status-update","duration":"352.365572ms","file":"/workspace/source/pkg/keeper/status.go:450","func":"github.com/jenkins-x/lighthouse/pkg/keeper.(*statusController).sync.func1","level":"info","msg":"Statuses synced.","time":"2020-11-11T13:52:25Z"}
{"component":"keeper","file":"/workspace/source/pkg/plugins/config.go:782","func":"github.com/jenkins-x/lighthouse/pkg/plugins.(*Configuration).Validate","level":"warning","msg":"no plugins specified-- check syntax?","time":"2020-11-11T13:53:24Z"}
{"component":"keeper","controller":"sync","duration":"1.306197612s","file":"/workspace/source/pkg/keeper/keeper.go:305","func":"github.com/jenkins-x/lighthouse/pkg/keeper.(*DefaultController).Sync.func1","level":"info","msg":"Synced","time":"2020-11-11T13:53:24Z"}
{"component":"keeper","controller":"status-update","duration":"386.381056ms","file":"/workspace/source/pkg/keeper/status.go:450","func":"github.com/jenkins-x/lighthouse/pkg/keeper.(*statusController).sync.func1","level":"info","msg":"Statuses synced.","time":"2020-11-11T13:53:25Z"}
{"component":"keeper","file":"/workspace/source/pkg/plugins/config.go:782","func":"github.com/jenkins-x/lighthouse/pkg/plugins.(*Configuration).Validate","level":"warning","msg":"no plugins specified-- check syntax?","time":"2020-11-11T13:54:24Z"}
{"component":"keeper","controller":"sync","duration":"1.442266101s","file":"/workspace/source/pkg/keeper/keeper.go:305","func":"github.com/jenkins-x/lighthouse/pkg/keeper.(*DefaultController).Sync.func1","level":"info","msg":"Synced","time":"2020-11-11T13:54:24Z"}
{"component":"keeper","controller":"status-update","duration":"413.271183ms","file":"/workspace/source/pkg/keeper/status.go:450","func":"github.com/jenkins-x/lighthouse/pkg/keeper.(*statusController).sync.func1","level":"info","msg":"Statuses synced.","time":"2020-11-11T13:54:25Z"}
{"component":"keeper","file":"/workspace/source/pkg/plugins/config.go:782","func":"github.com/jenkins-x/lighthouse/pkg/plugins.(*Configuration).Validate","level":"warning","msg":"no plugins specified-- check syntax?","time":"2020-11-11T13:55:24Z"}
{"component":"keeper","controller":"sync","duration":"1.422217056s","file":"/workspace/source/pkg/keeper/keeper.go:305","func":"github.com/jenkins-x/lighthouse/pkg/keeper.(*DefaultController).Sync.func1","level":"info","msg":"Synced","time":"2020-11-11T13:55:24Z"}
{"component":"keeper","controller":"status-update","duration":"344.164829ms","file":"/workspace/source/pkg/keeper/status.go:450","func":"github.com/jenkins-x/lighthouse/pkg/keeper.(*statusController).sync.func1","level":"info","msg":"Statuses synced.","time":"2020-11-11T13:55:25Z"}
{"component":"keeper","file":"/workspace/source/pkg/plugins/config.go:782","func":"github.com/jenkins-x/lighthouse/pkg/plugins.(*Configuration).Validate","level":"warning","msg":"no plugins specified-- check syntax?","time":"2020-11-11T13:56:24Z"}
{"component":"keeper","controller":"sync","duration":"1.39005936s","file":"/workspace/source/pkg/keeper/keeper.go:305","func":"github.com/jenkins-x/lighthouse/pkg/keeper.(*DefaultController).Sync.func1","level":"info","msg":"Synced","time":"2020-11-11T13:56:24Z"}
{"component":"keeper","controller":"status-update","duration":"330.219047ms","file":"/workspace/source/pkg/keeper/status.go:450","func":"github.com/jenkins-x/lighthouse/pkg/keeper.(*statusController).sync.func1","level":"info","msg":"Statuses synced.","time":"2020-11-11T13:56:25Z"}
{"component":"keeper","file":"/workspace/source/pkg/plugins/config.go:782","func":"github.com/jenkins-x/lighthouse/pkg/plugins.(*Configuration).Validate","level":"warning","msg":"no plugins specified-- check syntax?","time":"2020-11-11T13:57:24Z"}
{"component":"keeper","controller":"sync","duration":"1.40853597s","file":"/workspace/source/pkg/keeper/keeper.go:305","func":"github.com/jenkins-x/lighthouse/pkg/keeper.(*DefaultController).Sync.func1","level":"info","msg":"Synced","time":"2020-11-11T13:57:24Z"}
{"component":"keeper","controller":"status-update","duration":"320.675902ms","file":"/workspace/source/pkg/keeper/status.go:450","func":"github.com/jenkins-x/lighthouse/pkg/keeper.(*statusController).sync.func1","level":"info","msg":"Statuses synced.","time":"2020-11-11T13:57:25Z"}
{"component":"keeper","file":"/workspace/source/pkg/plugins/config.go:782","func":"github.com/jenkins-x/lighthouse/pkg/plugins.(*Configuration).Validate","level":"warning","msg":"no plugins specified-- check syntax?","time":"2020-11-11T13:58:24Z"}
{"component":"keeper","controller":"sync","duration":"1.296379299s","file":"/workspace/source/pkg/keeper/keeper.go:305","func":"github.com/jenkins-x/lighthouse/pkg/keeper.(*DefaultController).Sync.func1","level":"info","msg":"Synced","time":"2020-11-11T13:58:24Z"}
{"component":"keeper","controller":"status-update","duration":"386.582555ms","file":"/workspace/source/pkg/keeper/status.go:450","func":"github.com/jenkins-x/lighthouse/pkg/keeper.(*statusController).sync.func1","level":"info","msg":"Statuses synced.","time":"2020-11-11T13:58:25Z"}
{"component":"keeper","file":"/workspace/source/pkg/plugins/config.go:782","func":"github.com/jenkins-x/lighthouse/pkg/plugins.(*Configuration).Validate","level":"warning","msg":"no plugins specified-- check syntax?","time":"2020-11-11T13:59:24Z"}
{"component":"keeper","controller":"sync","duration":"1.288349551s","file":"/workspace/source/pkg/keeper/keeper.go:305","func":"github.com/jenkins-x/lighthouse/pkg/keeper.(*DefaultController).Sync.func1","level":"info","msg":"Synced","time":"2020-11-11T13:59:24Z"}
{"component":"keeper","controller":"status-update","duration":"311.827779ms","file":"/workspace/source/pkg/keeper/status.go:450","func":"github.com/jenkins-x/lighthouse/pkg/keeper.(*statusController).sync.func1","level":"info","msg":"Statuses synced.","time":"2020-11-11T13:59:25Z"}
{"component":"keeper","file":"/workspace/source/pkg/plugins/config.go:782","func":"github.com/jenkins-x/lighthouse/pkg/plugins.(*Configuration).Validate","level":"warning","msg":"no plugins specified-- check syntax?","time":"2020-11-11T14:00:24Z"}
{"component":"keeper","controller":"sync","duration":"1.508589588s","file":"/workspace/source/pkg/keeper/keeper.go:305","func":"github.com/jenkins-x/lighthouse/pkg/keeper.(*DefaultController).Sync.func1","level":"info","msg":"Synced","time":"2020-11-11T14:00:24Z"}
{"component":"keeper","controller":"status-update","duration":"428.158758ms","file":"/workspace/source/pkg/keeper/status.go:450","func":"github.com/jenkins-x/lighthouse/pkg/keeper.(*statusController).sync.func1","level":"info","msg":"Statuses synced.","time":"2020-11-11T14:00:25Z"}
{"component":"keeper","file":"/workspace/source/pkg/plugins/config.go:782","func":"github.com/jenkins-x/lighthouse/pkg/plugins.(*Configuration).Validate","level":"warning","msg":"no plugins specified-- check syntax?","time":"2020-11-11T14:01:24Z"}
{"component":"keeper","controller":"sync","duration":"1.277493296s","file":"/workspace/source/pkg/keeper/keeper.go:305","func":"github.com/jenkins-x/lighthouse/pkg/keeper.(*DefaultController).Sync.func1","level":"info","msg":"Synced","time":"2020-11-11T14:01:24Z"}
{"component":"keeper","controller":"status-update","duration":"349.232802ms","file":"/workspace/source/pkg/keeper/status.go:450","func":"github.com/jenkins-x/lighthouse/pkg/keeper.(*statusController).sync.func1","level":"info","msg":"Statuses synced.","time":"2020-11-11T14:01:25Z"}
{"component":"keeper","file":"/workspace/source/pkg/plugins/config.go:782","func":"github.com/jenkins-x/lighthouse/pkg/plugins.(*Configuration).Validate","level":"warning","msg":"no plugins specified-- check syntax?","time":"2020-11-11T14:02:24Z"}
{"component":"keeper","controller":"sync","duration":"1.367956779s","file":"/workspace/source/pkg/keeper/keeper.go:305","func":"github.com/jenkins-x/lighthouse/pkg/keeper.(*DefaultController).Sync.func1","level":"info","msg":"Synced","time":"2020-11-11T14:02:24Z"}
{"component":"keeper","controller":"status-update","duration":"451.312063ms","file":"/workspace/source/pkg/keeper/status.go:450","func":"github.com/jenkins-x/lighthouse/pkg/keeper.(*statusController).sync.func1","level":"info","msg":"Statuses synced.","time":"2020-11-11T14:02:25Z"}
{"component":"keeper","file":"/workspace/source/pkg/plugins/config.go:782","func":"github.com/jenkins-x/lighthouse/pkg/plugins.(*Configuration).Validate","level":"warning","msg":"no plugins specified-- check syntax?","time":"2020-11-11T14:03:24Z"}
{"component":"keeper","controller":"sync","duration":"1.232301277s","file":"/workspace/source/pkg/keeper/keeper.go:305","func":"github.com/jenkins-x/lighthouse/pkg/keeper.(*DefaultController).Sync.func1","level":"info","msg":"Synced","time":"2020-11-11T14:03:24Z"}
{"component":"keeper","controller":"status-update","duration":"387.655947ms","file":"/workspace/source/pkg/keeper/status.go:450","func":"github.com/jenkins-x/lighthouse/pkg/keeper.(*statusController).sync.func1","level":"info","msg":"Statuses synced.","time":"2020-11-11T14:03:25Z"}
{"component":"keeper","file":"/workspace/source/pkg/plugins/config.go:782","func":"github.com/jenkins-x/lighthouse/pkg/plugins.(*Configuration).Validate","level":"warning","msg":"no plugins specified-- check syntax?","time":"2020-11-11T14:04:24Z"}
{"component":"keeper","controller":"sync","duration":"1.321237953s","file":"/workspace/source/pkg/keeper/keeper.go:305","func":"github.com/jenkins-x/lighthouse/pkg/keeper.(*DefaultController).Sync.func1","level":"info","msg":"Synced","time":"2020-11-11T14:04:24Z"}
{"component":"keeper","controller":"status-update","duration":"377.472257ms","file":"/workspace/source/pkg/keeper/status.go:450","func":"github.com/jenkins-x/lighthouse/pkg/keeper.(*statusController).sync.func1","level":"info","msg":"Statuses synced.","time":"2020-11-11T14:04:25Z"}
{"component":"keeper","file":"/workspace/source/pkg/plugins/config.go:782","func":"github.com/jenkins-x/lighthouse/pkg/plugins.(*Configuration).Validate","level":"warning","msg":"no plugins specified-- check syntax?","time":"2020-11-11T14:05:24Z"}
{"component":"keeper","controller":"sync","duration":"1.249945727s","file":"/workspace/source/pkg/keeper/keeper.go:305","func":"github.com/jenkins-x/lighthouse/pkg/keeper.(*DefaultController).Sync.func1","level":"info","msg":"Synced","time":"2020-11-11T14:05:24Z"}
{"component":"keeper","controller":"status-update","duration":"404.835658ms","file":"/workspace/source/pkg/keeper/status.go:450","func":"github.com/jenkins-x/lighthouse/pkg/keeper.(*statusController).sync.func1","level":"info","msg":"Statuses synced.","time":"2020-11-11T14:05:25Z"}
{"component":"keeper","file":"/workspace/source/pkg/plugins/config.go:782","func":"github.com/jenkins-x/lighthouse/pkg/plugins.(*Configuration).Validate","level":"warning","msg":"no plugins specified-- check syntax?","time":"2020-11-11T14:06:24Z"}
{"component":"keeper","controller":"sync","duration":"1.258690703s","file":"/workspace/source/pkg/keeper/keeper.go:305","func":"github.com/jenkins-x/lighthouse/pkg/keeper.(*DefaultController).Sync.func1","level":"info","msg":"Synced","time":"2020-11-11T14:06:24Z"}
{"component":"keeper","controller":"status-update","duration":"356.442541ms","file":"/workspace/source/pkg/keeper/status.go:450","func":"github.com/jenkins-x/lighthouse/pkg/keeper.(*statusController).sync.func1","level":"info","msg":"Statuses synced.","time":"2020-11-11T14:06:25Z"}
{"component":"keeper","file":"/workspace/source/pkg/plugins/config.go:782","func":"github.com/jenkins-x/lighthouse/pkg/plugins.(*Configuration).Validate","level":"warning","msg":"no plugins specified-- check syntax?","time":"2020-11-11T14:07:24Z"}
{"component":"keeper","controller":"sync","duration":"1.357933274s","file":"/workspace/source/pkg/keeper/keeper.go:305","func":"github.com/jenkins-x/lighthouse/pkg/keeper.(*DefaultController).Sync.func1","level":"info","msg":"Synced","time":"2020-11-11T14:07:24Z"}
{"component":"keeper","controller":"status-update","duration":"366.649591ms","file":"/workspace/source/pkg/keeper/status.go:450","func":"github.com/jenkins-x/lighthouse/pkg/keeper.(*statusController).sync.func1","level":"info","msg":"Statuses synced.","time":"2020-11-11T14:07:25Z"}
{"component":"keeper","file":"/workspace/source/pkg/plugins/config.go:782","func":"github.com/jenkins-x/lighthouse/pkg/plugins.(*Configuration).Validate","level":"warning","msg":"no plugins specified-- check syntax?","time":"2020-11-11T14:08:24Z"}
{"component":"keeper","controller":"sync","duration":"1.332518856s","file":"/workspace/source/pkg/keeper/keeper.go:305","func":"github.com/jenkins-x/lighthouse/pkg/keeper.(*DefaultController).Sync.func1","level":"info","msg":"Synced","time":"2020-11-11T14:08:24Z"}
{"component":"keeper","controller":"status-update","duration":"354.120885ms","file":"/workspace/source/pkg/keeper/status.go:450","func":"github.com/jenkins-x/lighthouse/pkg/keeper.(*statusController).sync.func1","level":"info","msg":"Statuses synced.","time":"2020-11-11T14:08:25Z"}
{"component":"keeper","file":"/workspace/source/pkg/plugins/config.go:782","func":"github.com/jenkins-x/lighthouse/pkg/plugins.(*Configuration).Validate","level":"warning","msg":"no plugins specified-- check syntax?","time":"2020-11-11T14:09:24Z"}
{"component":"keeper","controller":"sync","duration":"1.27609661s","file":"/workspace/source/pkg/keeper/keeper.go:305","func":"github.com/jenkins-x/lighthouse/pkg/keeper.(*DefaultController).Sync.func1","level":"info","msg":"Synced","time":"2020-11-11T14:09:24Z"}
{"component":"keeper","controller":"status-update","duration":"422.238643ms","file":"/workspace/source/pkg/keeper/status.go:450","func":"github.com/jenkins-x/lighthouse/pkg/keeper.(*statusController).sync.func1","level":"info","msg":"Statuses synced.","time":"2020-11-11T14:09:25Z"}
{"component":"keeper","file":"/workspace/source/pkg/plugins/config.go:782","func":"github.com/jenkins-x/lighthouse/pkg/plugins.(*Configuration).Validate","level":"warning","msg":"no plugins specified-- check syntax?","time":"2020-11-11T14:10:24Z"}
{"component":"keeper","controller":"sync","duration":"1.228409599s","file":"/workspace/source/pkg/keeper/keeper.go:305","func":"github.com/jenkins-x/lighthouse/pkg/keeper.(*DefaultController).Sync.func1","level":"info","msg":"Synced","time":"2020-11-11T14:10:24Z"}
{"component":"keeper","controller":"status-update","duration":"475.270458ms","file":"/workspace/source/pkg/keeper/status.go:450","func":"github.com/jenkins-x/lighthouse/pkg/keeper.(*statusController).sync.func1","level":"info","msg":"Statuses synced.","time":"2020-11-11T14:10:25Z"}
